0 info it worked if it ends with ok
1 verbose cli [ '/usr/bin/node', '/usr/bin/npm', 'run', 'docs' ]
2 info using npm@3.5.2
3 info using node@v6.11.4
4 verbose run-script [ 'predocs', 'docs', 'postdocs' ]
5 info lifecycle react-multistate-button-component@0.1.0~predocs: react-multistate-button-component@0.1.0
6 silly lifecycle react-multistate-button-component@0.1.0~predocs: no script for predocs, continuing
7 info lifecycle react-multistate-button-component@0.1.0~docs: react-multistate-button-component@0.1.0
8 verbose lifecycle react-multistate-button-component@0.1.0~docs: unsafe-perm in lifecycle true
9 verbose lifecycle react-multistate-button-component@0.1.0~docs: PATH: /usr/share/npm/bin/node-gyp-bin:/home/kamil/react-multistate-button-kamilsiwek/react-multistate-button-component/node_modules/.bin:/home/kamil/react-multistate-button-kamilsiwek/react-multistate-button-component/node_modules/.bin:/home/kamil/.config/yarn/link/node_modules/.bin:/home/kamil/react-multistate-button-kamilsiwek/react-multistate-button-component/node_modules/.bin:/home/kamil/.config/yarn/link/node_modules/.bin:/home/kamil/.yarn/bin:/usr/libexec/lib/node_modules/npm/bin/node-gyp-bin:/usr/lib/node_modules/npm/bin/node-gyp-bin:/usr/bin/node_modules/npm/bin/node-gyp-bin:/usr/bin:/home/kamil/bin:/home/kamil/.local/bin:/home/kamil/bin:/home/kamil/.local/bin:/home/kamil/.rvm/gems/ruby-2.4.1/bin:/home/kamil/.rvm/gems/ruby-2.4.1@global/bin:/usr/share/rvm/rubies/ruby-2.4.1/bin:/usr/local/sbin:/usr/local/bin:/usr/sbin:/usr/bin:/sbin:/bin:/usr/games:/usr/local/games:/snap/bin:/usr/share/rvm/bin
10 verbose lifecycle react-multistate-button-component@0.1.0~docs: CWD: /home/kamil/react-multistate-button-kamilsiwek/react-multistate-button-component
11 silly lifecycle react-multistate-button-component@0.1.0~docs: Args: [ '-c', 'webpack-dev-server --mode development' ]
12 silly lifecycle react-multistate-button-component@0.1.0~docs: Returned: code: 1  signal: null
13 info lifecycle react-multistate-button-component@0.1.0~docs: Failed to exec docs script
14 verbose stack Error: react-multistate-button-component@0.1.0 docs: `webpack-dev-server --mode development`
14 verbose stack Exit status 1
14 verbose stack     at EventEmitter.<anonymous> (/usr/share/npm/lib/utils/lifecycle.js:232:16)
14 verbose stack     at emitTwo (events.js:106:13)
14 verbose stack     at EventEmitter.emit (events.js:191:7)
14 verbose stack     at ChildProcess.<anonymous> (/usr/share/npm/lib/utils/spawn.js:24:14)
14 verbose stack     at emitTwo (events.js:106:13)
14 verbose stack     at ChildProcess.emit (events.js:191:7)
14 verbose stack     at maybeClose (internal/child_process.js:920:16)
14 verbose stack     at Process.ChildProcess._handle.onexit (internal/child_process.js:230:5)
15 verbose pkgid react-multistate-button-component@0.1.0
16 verbose cwd /home/kamil/react-multistate-button-kamilsiwek/react-multistate-button-component
17 error Linux 4.13.0-46-generic
18 error argv "/usr/bin/node" "/usr/bin/npm" "run" "docs"
19 error node v6.11.4
20 error npm  v3.5.2
21 error code ELIFECYCLE
22 error react-multistate-button-component@0.1.0 docs: `webpack-dev-server --mode development`
22 error Exit status 1
23 error Failed at the react-multistate-button-component@0.1.0 docs script 'webpack-dev-server --mode development'.
23 error Make sure you have the latest version of node.js and npm installed.
23 error If you do, this is most likely a problem with the react-multistate-button-component package,
23 error not with npm itself.
23 error Tell the author that this fails on your system:
23 error     webpack-dev-server --mode development
23 error You can get information on how to open an issue for this project with:
23 error     npm bugs react-multistate-button-component
23 error Or if that isn't available, you can get their info via:
23 error     npm owner ls react-multistate-button-component
23 error There is likely additional logging output above.
24 verbose exit [ 1, true ]
